<?xml version="1.0" encoding="UTF-8"?>
<!-- Generated by org.testng.reporters.JUnitReportReporter -->
<testsuite skipped="0" hostname="DESKTOP-BM4NCDP" name="com.Boilerplate.LoginTest.loginTest" tests="2" failures="0" timestamp="16 Oct 2021 09:16:26 GMT" time="41.022" errors="0">
  <testcase name="loginTest_001" time="21.237" classname="com.Boilerplate.LoginTest.loginTest"/>
  <testcase name="loginTest_002" time="19.785" classname="com.Boilerplate.LoginTest.loginTest"/>
</testsuite> <!-- com.Boilerplate.LoginTest.loginTest -->
