<?xml version="1.0" encoding="UTF-8"?>
<!-- Generated by org.testng.reporters.JUnitReportReporter -->
<testsuite skipped="1" hostname="DESKTOP-BM4NCDP" name="com.Boilerplate.LoginTest.ReqDashboardTest" tests="2" failures="0" timestamp="24 Nov 2021 04:32:32 GMT" time="16.841" errors="0">
  <testcase name="verifySearchField" time="16.841" classname="com.Boilerplate.LoginTest.ReqDashboardTest"/>
  <testcase name="dashboardViewTest" classname="com.Boilerplate.LoginTest.ReqDashboardTest">
    <skipped/>
  </testcase> <!-- dashboardViewTest -->
</testsuite> <!-- com.Boilerplate.LoginTest.ReqDashboardTest -->
