<?xml version="1.0" encoding="UTF-8"?>
<!-- Generated by org.testng.reporters.JUnitReportReporter -->
<testsuite skipped="7" hostname="DESKTOP-BM4NCDP" name="com.Boilerplate.LoginTest.loginTest" tests="8" failures="0" timestamp="14 Nov 2021 10:55:19 GMT" time="13.528" errors="0">
  <testcase name="modLogoutTest" time="13.528" classname="com.Boilerplate.LoginTest.loginTest"/>
  <testcase name="isLogo_Present" classname="com.Boilerplate.LoginTest.loginTest">
    <skipped/>
  </testcase> <!-- isLogo_Present -->
  <testcase name="loginTest_004" classname="com.Boilerplate.LoginTest.loginTest">
    <skipped/>
  </testcase> <!-- loginTest_004 -->
  <testcase name="loginTest_001" classname="com.Boilerplate.LoginTest.loginTest">
    <skipped/>
  </testcase> <!-- loginTest_001 -->
  <testcase name="forgetLink_Test" classname="com.Boilerplate.LoginTest.loginTest">
    <skipped/>
  </testcase> <!-- forgetLink_Test -->
  <testcase name="loginTest_003" classname="com.Boilerplate.LoginTest.loginTest">
    <skipped/>
  </testcase> <!-- loginTest_003 -->
  <testcase name="loginTest_002" classname="com.Boilerplate.LoginTest.loginTest">
    <skipped/>
  </testcase> <!-- loginTest_002 -->
  <testcase name="loginToRecipient" classname="com.Boilerplate.LoginTest.loginTest">
    <skipped/>
  </testcase> <!-- loginToRecipient -->
</testsuite> <!-- com.Boilerplate.LoginTest.loginTest -->
