<?xml version="1.0" encoding="UTF-8"?>
<!-- Generated by org.testng.reporters.JUnitReportReporter -->
<testsuite skipped="4" hostname="DESKTOP-BM4NCDP" name="com.Boilerplate.LoginTest.ReqDashboardTest" tests="5" failures="0" timestamp="08 Dec 2021 04:32:52 GMT" time="31.596" errors="0">
  <testcase name="switchToNextMenu" time="31.596" classname="com.Boilerplate.LoginTest.ReqDashboardTest"/>
  <testcase name="dashboardViewTest" classname="com.Boilerplate.LoginTest.ReqDashboardTest">
    <skipped/>
  </testcase> <!-- dashboardViewTest -->
  <testcase name="verifySearchField" classname="com.Boilerplate.LoginTest.ReqDashboardTest">
    <skipped/>
  </testcase> <!-- verifySearchField -->
  <testcase name="verifySearchResult" classname="com.Boilerplate.LoginTest.ReqDashboardTest">
    <skipped/>
  </testcase> <!-- verifySearchResult -->
  <testcase name="allMenulinks" classname="com.Boilerplate.LoginTest.ReqDashboardTest">
    <skipped/>
  </testcase> <!-- allMenulinks -->
</testsuite> <!-- com.Boilerplate.LoginTest.ReqDashboardTest -->
