<?xml version="1.0" encoding="UTF-8"?>
<!-- Generated by org.testng.reporters.JUnitReportReporter -->
<testsuite skipped="5" hostname="DESKTOP-BM4NCDP" name="com.Boilerplate.LoginTest.ReqDashboardTest" tests="6" failures="0" timestamp="17 Dec 2021 03:51:42 GMT" time="20.264" errors="0">
  <testcase name="deleteContact" time="20.264" classname="com.Boilerplate.LoginTest.ReqDashboardTest"/>
  <testcase name="dashboardViewTest" classname="com.Boilerplate.LoginTest.ReqDashboardTest">
    <skipped/>
  </testcase> <!-- dashboardViewTest -->
  <testcase name="verifySearchField" classname="com.Boilerplate.LoginTest.ReqDashboardTest">
    <skipped/>
  </testcase> <!-- verifySearchField -->
  <testcase name="switchToNextMenu" classname="com.Boilerplate.LoginTest.ReqDashboardTest">
    <skipped/>
  </testcase> <!-- switchToNextMenu -->
  <testcase name="verifySearchResult" classname="com.Boilerplate.LoginTest.ReqDashboardTest">
    <skipped/>
  </testcase> <!-- verifySearchResult -->
  <testcase name="allMenulinks" classname="com.Boilerplate.LoginTest.ReqDashboardTest">
    <skipped/>
  </testcase> <!-- allMenulinks -->
</testsuite> <!-- com.Boilerplate.LoginTest.ReqDashboardTest -->
