<?xml version="1.0" encoding="UTF-8"?>
<!-- Generated by org.testng.reporters.JUnitReportReporter -->
<testsuite skipped="5" hostname="DESKTOP-BM4NCDP" name="com.Boilerplate.LoginTest.ReqDashboardTest" tests="6" failures="0" timestamp="2021-12-22T21:19:03 IST" time="31.359" errors="0">
  <testcase name="deleteContact" time="31.359" classname="com.Boilerplate.LoginTest.ReqDashboardTest"/>
  <system-out/>
  <testcase name="dashboardViewTest" classname="com.Boilerplate.LoginTest.ReqDashboardTest">
    <skipped/>
  </testcase> <!-- dashboardViewTest -->
  <system-out/>
  <testcase name="verifySearchField" classname="com.Boilerplate.LoginTest.ReqDashboardTest">
    <skipped/>
  </testcase> <!-- verifySearchField -->
  <system-out/>
  <testcase name="switchToNextMenu" classname="com.Boilerplate.LoginTest.ReqDashboardTest">
    <skipped/>
  </testcase> <!-- switchToNextMenu -->
  <system-out/>
  <testcase name="verifySearchResult" classname="com.Boilerplate.LoginTest.ReqDashboardTest">
    <skipped/>
  </testcase> <!-- verifySearchResult -->
  <system-out/>
  <testcase name="allMenulinks" classname="com.Boilerplate.LoginTest.ReqDashboardTest">
    <skipped/>
  </testcase> <!-- allMenulinks -->
  <system-out/>
</testsuite> <!-- com.Boilerplate.LoginTest.ReqDashboardTest -->
