<?xml version="1.0" encoding="UTF-8"?>
<!-- Generated by org.testng.reporters.JUnitReportReporter -->
<testsuite skipped="1" hostname="DESKTOP-BM4NCDP" name="com.Boilerplate.LoginTest.ReqDashboardTest" tests="2" failures="0" timestamp="2021-11-24T10:06:28 IST" time="50.645" errors="0">
  <testcase name="verifySearchField" time="50.645" classname="com.Boilerplate.LoginTest.ReqDashboardTest"/>
  <system-out/>
  <testcase name="dashboardViewTest" classname="com.Boilerplate.LoginTest.ReqDashboardTest">
    <skipped/>
  </testcase> <!-- dashboardViewTest -->
  <system-out/>
</testsuite> <!-- com.Boilerplate.LoginTest.ReqDashboardTest -->
